[mannatthemes.com/zoogler/horizontal/index.html]
[backblue.gif]
[fade.gif]
[index.html]
[mannatthemes.com/zoogler/horizontal/assets/images/favicon.ico]
[mannatthemes.com/zoogler/horizontal/assets/css/bootstrap.min.css]
[mannatthemes.com/zoogler/horizontal/assets/css/icons.css]
[mannatthemes.com/zoogler/horizontal/assets/css/style.css]
[mannatthemes.com/zoogler/horizontal/assets/images/flags/us_flag.jpg]
[mannatthemes.com/zoogler/horizontal/assets/images/flags/italy_flag.jpg]
[mannatthemes.com/zoogler/horizontal/assets/images/flags/french_flag.jpg]
[mannatthemes.com/zoogler/horizontal/assets/images/flags/spain_flag.jpg]
[mannatthemes.com/zoogler/horizontal/assets/images/flags/russia_flag.jpg]
[mannatthemes.com/zoogler/horizontal/assets/images/users/avatar-2.jpg]
[mannatthemes.com/zoogler/horizontal/assets/images/users/avatar-3.jpg]
[mannatthemes.com/zoogler/horizontal/assets/images/users/avatar-4.jpg]
[mannatthemes.com/zoogler/horizontal/assets/images/users/avatar-1.jpg]
[mannatthemes.com/zoogler/horizontal/calender.html]
[mannatthemes.com/zoogler/horizontal/ui-alerts.html]
[mannatthemes.com/zoogler/horizontal/ui-alertify.html]
[mannatthemes.com/zoogler/horizontal/ui-badge.html]
[mannatthemes.com/zoogler/horizontal/ui-buttons.html]
[mannatthemes.com/zoogler/horizontal/ui-carousel.html]
[mannatthemes.com/zoogler/horizontal/ui-cards.html]
[mannatthemes.com/zoogler/horizontal/ui-dropdowns.html]
[mannatthemes.com/zoogler/horizontal/ui-grid.html]
[mannatthemes.com/zoogler/horizontal/ui-images.html]
[mannatthemes.com/zoogler/horizontal/ui-lightbox.html]
[mannatthemes.com/zoogler/horizontal/ui-modals.html]
[mannatthemes.com/zoogler/horizontal/ui-navs.html]
[mannatthemes.com/zoogler/horizontal/ui-progressbars.html]
[mannatthemes.com/zoogler/horizontal/ui-pagination.html]
[mannatthemes.com/zoogler/horizontal/ui-popover-tooltips.html]
[mannatthemes.com/zoogler/horizontal/ui-rating.html]
[mannatthemes.com/zoogler/horizontal/ui-rangeslider.html]
[mannatthemes.com/zoogler/horizontal/ui-sweet-alert.html]
[mannatthemes.com/zoogler/horizontal/ui-typography.html]
[mannatthemes.com/zoogler/horizontal/ui-tabs-accordions.html]
[mannatthemes.com/zoogler/horizontal/ui-video.html]
[mannatthemes.com/zoogler/horizontal/form-advanced.html]
[mannatthemes.com/zoogler/horizontal/form-elements.html]
[mannatthemes.com/zoogler/horizontal/form-editors.html]
[mannatthemes.com/zoogler/horizontal/form-uploads.html]
[mannatthemes.com/zoogler/horizontal/form-mask.html]
[mannatthemes.com/zoogler/horizontal/form-summernote.html]
[mannatthemes.com/zoogler/horizontal/form-validation.html]
[mannatthemes.com/zoogler/horizontal/form-xeditable.html]
[mannatthemes.com/zoogler/horizontal/charts-chartist.html]
[mannatthemes.com/zoogler/horizontal/charts-chartjs.html]
[mannatthemes.com/zoogler/horizontal/charts-c3.html]
[mannatthemes.com/zoogler/horizontal/charts-flot.html]
[mannatthemes.com/zoogler/horizontal/charts-other.html]
[mannatthemes.com/zoogler/horizontal/charts-morris.html]
[mannatthemes.com/zoogler/horizontal/tables-basic.html]
[mannatthemes.com/zoogler/horizontal/tables-datatable.html]
[mannatthemes.com/zoogler/horizontal/tables-editable.html]
[mannatthemes.com/zoogler/horizontal/tables-responsive.html]
[mannatthemes.com/zoogler/horizontal/icons-dripicons.html]
[mannatthemes.com/zoogler/horizontal/icons-fontawesome.html]
[mannatthemes.com/zoogler/horizontal/icons-ion.html]
[mannatthemes.com/zoogler/horizontal/icons-material.html]
[mannatthemes.com/zoogler/horizontal/icons-themify.html]
[mannatthemes.com/zoogler/horizontal/icons-typicons.html]
[mannatthemes.com/zoogler/horizontal/maps-google.html]
[mannatthemes.com/zoogler/horizontal/maps-vector.html]
[mannatthemes.com/zoogler/horizontal/pages-login.html]
[mannatthemes.com/zoogler/horizontal/pages-register.html]
[mannatthemes.com/zoogler/horizontal/pages-recoverpw.html]
[mannatthemes.com/zoogler/horizontal/pages-lock-screen.html]
[mannatthemes.com/zoogler/horizontal/pages-blank.html]
[mannatthemes.com/zoogler/horizontal/pages-404.html]
[mannatthemes.com/zoogler/horizontal/pages-500.html]
[mannatthemes.com/zoogler/horizontal/assets/images/users/avatar-5.jpg]
[mannatthemes.com/zoogler/horizontal/assets/images/users/avatar-6.jpg]
[mannatthemes.com/zoogler/horizontal/assets/js/jquery.min.js]
[mannatthemes.com/zoogler/horizontal/assets/js/popper.min.js]
[mannatthemes.com/zoogler/horizontal/assets/js/bootstrap.min.js]
[mannatthemes.com/zoogler/horizontal/assets/js/modernizr.min.js]
[mannatthemes.com/zoogler/horizontal/assets/js/waves.js]
[mannatthemes.com/zoogler/horizontal/assets/js/jquery.slimscroll.js]
[mannatthemes.com/zoogler/horizontal/assets/js/jquery.nicescroll.js]
[mannatthemes.com/zoogler/horizontal/assets/js/jquery.scrollTo.min.js]
[mannatthemes.com/zoogler/horizontal/assets/plugins/jquery-knob/excanvas.js]
[mannatthemes.com/zoogler/horizontal/assets/plugins/jquery-knob/jquery.knob.js]
[mannatthemes.com/zoogler/horizontal/assets/plugins/chart.js/chart.min.js]
[mannatthemes.com/zoogler/horizontal/assets/pages/dashboard.js]
[mannatthemes.com/zoogler/horizontal/assets/js/app.js]
[mannatthemes.com/zoogler/horizontal/index.html]
[mannatthemes.com/zoogler/horizontal/assets/css/bootstrap.min.css]
[mannatthemes.com/zoogler/horizontal/assets/fonts/fa-brands-400.eot]
[mannatthemes.com/zoogler/horizontal/assets/fonts/fa-brands-400d41d.eot]
[mannatthemes.com/zoogler/horizontal/assets/fonts/fa-brands-400.woff2]
[mannatthemes.com/zoogler/horizontal/assets/fonts/fa-brands-400.woff]
[mannatthemes.com/zoogler/horizontal/assets/fonts/fa-brands-400.ttf]
[mannatthemes.com/zoogler/horizontal/assets/fonts/fa-regular-400.eot]
[mannatthemes.com/zoogler/horizontal/assets/fonts/fa-regular-400d41d.eot]
[mannatthemes.com/zoogler/horizontal/assets/fonts/fa-regular-400.woff2]
[mannatthemes.com/zoogler/horizontal/assets/fonts/fa-regular-400.woff]
[mannatthemes.com/zoogler/horizontal/assets/fonts/fa-regular-400.ttf]
[mannatthemes.com/zoogler/horizontal/assets/fonts/fa-solid-900.eot]
[mannatthemes.com/zoogler/horizontal/assets/fonts/fa-solid-900d41d.eot]
[mannatthemes.com/zoogler/horizontal/assets/fonts/fa-solid-900.woff2]
[mannatthemes.com/zoogler/horizontal/assets/fonts/fa-solid-900.woff]
[mannatthemes.com/zoogler/horizontal/assets/fonts/fa-solid-900.ttf]
[mannatthemes.com/zoogler/horizontal/assets/fonts/materialdesignicons-webfont9391.eot]
[mannatthemes.com/zoogler/horizontal/assets/fonts/materialdesignicons-webfontd41d.eot]
[mannatthemes.com/zoogler/horizontal/assets/fonts/materialdesignicons-webfont9391.woff2]
[mannatthemes.com/zoogler/horizontal/assets/fonts/materialdesignicons-webfont9391.woff]
[mannatthemes.com/zoogler/horizontal/assets/fonts/materialdesignicons-webfont9391.ttf]
[mannatthemes.com/zoogler/horizontal/assets/fonts/ioniconsaa26.eot]
[mannatthemes.com/zoogler/horizontal/assets/fonts/ioniconsaa26.ttf]
[mannatthemes.com/zoogler/horizontal/assets/fonts/ioniconsaa26.woff]
[mannatthemes.com/zoogler/horizontal/assets/fonts/themify9f24.eot]
[mannatthemes.com/zoogler/horizontal/assets/fonts/themifyd41d.eot]
[mannatthemes.com/zoogler/horizontal/assets/fonts/themify9f24.woff]
[mannatthemes.com/zoogler/horizontal/assets/fonts/themify9f24.ttf]
[mannatthemes.com/zoogler/horizontal/assets/fonts/dripicons-v2.eot]
[mannatthemes.com/zoogler/horizontal/assets/fonts/dripicons-v2d41d.eot]
[mannatthemes.com/zoogler/horizontal/assets/fonts/dripicons-v2.woff]
[mannatthemes.com/zoogler/horizontal/assets/fonts/dripicons-v2.ttf]
[mannatthemes.com/zoogler/horizontal/assets/fonts/typicons.eot]
[mannatthemes.com/zoogler/horizontal/assets/fonts/typiconsd41d.eot]
[mannatthemes.com/zoogler/horizontal/assets/fonts/typicons.woff]
[mannatthemes.com/zoogler/horizontal/assets/fonts/typicons.ttf]
[mannatthemes.com/zoogler/horizontal/assets/css/icons.css]
[mannatthemes.com/zoogler/horizontal/assets/images/bg-account.jpg]
[mannatthemes.com/zoogler/horizontal/assets/css/style.css]
[mannatthemes.com/zoogler/horizontal/assets/plugins/fullcalendar/css/fullcalendar.min.css]
[mannatthemes.com/zoogler/horizontal/assets/plugins/moment/moment.js]
[mannatthemes.com/zoogler/horizontal/assets/plugins/jquery-ui/jquery-ui.min.js]
[mannatthemes.com/zoogler/horizontal/assets/plugins/fullcalendar/js/fullcalendar.min.js]
[mannatthemes.com/zoogler/horizontal/assets/pages/calendar-init.js]
[mannatthemes.com/zoogler/horizontal/calender.html]
[mannatthemes.com/zoogler/horizontal/ui-alerts.html]
[mannatthemes.com/zoogler/horizontal/assets/plugins/alertify/css/alertify.css]
[mannatthemes.com/zoogler/horizontal/assets/plugins/alertify/js/alertify.js]
[mannatthemes.com/zoogler/horizontal/assets/pages/alertify-init.js]
[mannatthemes.com/zoogler/horizontal/ui-alertify.html]
[mannatthemes.com/zoogler/horizontal/ui-badge.html]
[mannatthemes.com/zoogler/horizontal/ui-buttons.html]
[mannatthemes.com/zoogler/horizontal/assets/images/small/img-1.jpg]
[mannatthemes.com/zoogler/horizontal/assets/images/small/img-2.jpg]
[mannatthemes.com/zoogler/horizontal/assets/images/small/img-3.jpg]
[mannatthemes.com/zoogler/horizontal/assets/images/small/img-4.jpg]
[mannatthemes.com/zoogler/horizontal/assets/images/small/img-5.jpg]
[mannatthemes.com/zoogler/horizontal/assets/images/small/img-6.jpg]
[mannatthemes.com/zoogler/horizontal/assets/images/small/img-7.jpg]
[mannatthemes.com/zoogler/horizontal/ui-carousel.html]
[mannatthemes.com/zoogler/horizontal/ui-cards.html]
[mannatthemes.com/zoogler/horizontal/ui-dropdowns.html]
[mannatthemes.com/zoogler/horizontal/ui-grid.html]
[mannatthemes.com/zoogler/horizontal/ui-images.html]
[mannatthemes.com/zoogler/horizontal/assets/plugins/magnific-popup/magnific-popup.css]
[mannatthemes.com/zoogler/horizontal/assets/plugins/magnific-popup/jquery.magnific-popup.min.js]
[mannatthemes.com/zoogler/horizontal/assets/pages/lightbox.js]
[mannatthemes.com/zoogler/horizontal/ui-lightbox.html]
[mannatthemes.com/zoogler/horizontal/assets/plugins/animate/animate.css]
[mannatthemes.com/zoogler/horizontal/assets/pages/modal-animation.js]
[mannatthemes.com/zoogler/horizontal/ui-modals.html]
[mannatthemes.com/zoogler/horizontal/ui-navs.html]
[mannatthemes.com/zoogler/horizontal/ui-progressbars.html]
[mannatthemes.com/zoogler/horizontal/ui-pagination.html]
[mannatthemes.com/zoogler/horizontal/ui-popover-tooltips.html]
[mannatthemes.com/zoogler/horizontal/assets/plugins/bootstrap-rating/bootstrap-rating.css]
[mannatthemes.com/zoogler/horizontal/assets/plugins/bootstrap-rating/bootstrap-rating.min.js]
[mannatthemes.com/zoogler/horizontal/assets/pages/rating-init.js]
[mannatthemes.com/zoogler/horizontal/ui-rating.html]
[mannatthemes.com/zoogler/horizontal/assets/plugins/ion-rangeslider/ion.rangeSlider.css]
[mannatthemes.com/zoogler/horizontal/assets/plugins/ion-rangeslider/ion.rangeSlider.skinModern.css]
[mannatthemes.com/zoogler/horizontal/assets/plugins/powerange/powerange.css]
[mannatthemes.com/zoogler/horizontal/assets/plugins/ion-rangeslider/ion.rangeSlider.min.js]
[mannatthemes.com/zoogler/horizontal/assets/plugins/powerange/powerange.js]
[mannatthemes.com/zoogler/horizontal/assets/pages/rangeslider-init.js]
[mannatthemes.com/zoogler/horizontal/ui-rangeslider.html]
[mannatthemes.com/zoogler/horizontal/assets/plugins/sweet-alert2/sweetalert2.min.css]
[mannatthemes.com/zoogler/horizontal/assets/plugins/sweet-alert2/sweetalert2.min.js]
[mannatthemes.com/zoogler/horizontal/assets/pages/sweet-alert.init.js]
[mannatthemes.com/zoogler/horizontal/ui-sweet-alert.html]
[mannatthemes.com/zoogler/horizontal/ui-typography.html]
[mannatthemes.com/zoogler/horizontal/ui-tabs-accordions.html]
[mannatthemes.com/zoogler/horizontal/ui-video.html]
[mannatthemes.com/zoogler/horizontal/assets/plugins/timepicker/tempusdominus-bootstrap-4.css]
[mannatthemes.com/zoogler/horizontal/assets/plugins/timepicker/bootstrap-material-datetimepicker.css]
[mannatthemes.com/zoogler/horizontal/assets/plugins/clockpicker/jquery-clockpicker.min.css]
[mannatthemes.com/zoogler/horizontal/assets/plugins/colorpicker/asColorPicker.min.css]
[mannatthemes.com/zoogler/horizontal/assets/plugins/select2/select2.min.css]
[mannatthemes.com/zoogler/horizontal/assets/plugins/bootstrap-colorpicker/css/bootstrap-colorpicker.min.css]
[mannatthemes.com/zoogler/horizontal/assets/plugins/bootstrap-datepicker/css/bootstrap-datepicker.min.css]
[mannatthemes.com/zoogler/horizontal/assets/plugins/bootstrap-touchspin/css/jquery.bootstrap-touchspin.min.css]
[mannatthemes.com/zoogler/horizontal/assets/plugins/timepicker/moment.js]
[mannatthemes.com/zoogler/horizontal/assets/plugins/timepicker/tempusdominus-bootstrap-4.js]
[mannatthemes.com/zoogler/horizontal/assets/plugins/timepicker/bootstrap-material-datetimepicker.js]
[mannatthemes.com/zoogler/horizontal/assets/plugins/clockpicker/jquery-clockpicker.min.js]
[mannatthemes.com/zoogler/horizontal/assets/plugins/colorpicker/jquery-asColor.js]
[mannatthemes.com/zoogler/horizontal/assets/plugins/colorpicker/jquery-asGradient.js]
[mannatthemes.com/zoogler/horizontal/assets/plugins/colorpicker/jquery-asColorPicker.min.js]
[mannatthemes.com/zoogler/horizontal/assets/plugins/select2/select2.min.js]
[mannatthemes.com/zoogler/horizontal/assets/plugins/bootstrap-colorpicker/js/bootstrap-colorpicker.min.js]
[mannatthemes.com/zoogler/horizontal/assets/plugins/bootstrap-datepicker/js/bootstrap-datepicker.min.js]
[mannatthemes.com/zoogler/horizontal/assets/plugins/bootstrap-maxlength/bootstrap-maxlength.min.js]
[mannatthemes.com/zoogler/horizontal/assets/plugins/bootstrap-touchspin/js/jquery.bootstrap-touchspin.min.js]
[mannatthemes.com/zoogler/horizontal/assets/pages/form-advanced.js]
[mannatthemes.com/zoogler/horizontal/form-advanced.html]
[mannatthemes.com/zoogler/horizontal/form-elements.html]
[mannatthemes.com/zoogler/horizontal/form-editors.html]
[mannatthemes.com/zoogler/horizontal/assets/pages/form-editor.js]
[mannatthemes.com/zoogler/horizontal/assets/plugins/tinymce/tinymce.min.js]
[mannatthemes.com/zoogler/horizontal/assets/plugins/dropify/css/dropify.min.css]
[mannatthemes.com/zoogler/horizontal/assets/plugins/dropify/images/test-image-1.jpg]
[mannatthemes.com/zoogler/horizontal/assets/plugins/dropify/images/1.jpg]
[mannatthemes.com/zoogler/horizontal/assets/plugins/dropify/js/dropify.min.js]
[mannatthemes.com/zoogler/horizontal/assets/pages/dropify.init.js]
[mannatthemes.com/zoogler/horizontal/form-uploads.html]
[mannatthemes.com/zoogler/horizontal/assets/plugins/bootstrap-inputmask/bootstrap-inputmask.min.js]
[mannatthemes.com/zoogler/horizontal/assets/pages/form-mask.init.js]
[mannatthemes.com/zoogler/horizontal/form-mask.html]
[mannatthemes.com/zoogler/horizontal/assets/plugins/summernote/summernote-bs4.css]
[mannatthemes.com/zoogler/horizontal/assets/plugins/summernote/summernote-bs4.min.js]
[mannatthemes.com/zoogler/horizontal/assets/pages/form-summernote.js]
[mannatthemes.com/zoogler/horizontal/form-summernote.html]
[mannatthemes.com/zoogler/horizontal/assets/plugins/parsleyjs/parsley.min.js]
[mannatthemes.com/zoogler/horizontal/assets/pages/validation.init.js]
[mannatthemes.com/zoogler/horizontal/form-validation.html]
[mannatthemes.com/zoogler/horizontal/assets/plugins/x-editable/css/bootstrap-editable.css]
[mannatthemes.com/zoogler/horizontal/assets/plugins/x-editable/js/bootstrap-editable.min.js]
[mannatthemes.com/zoogler/horizontal/assets/pages/xeditable.js]
[mannatthemes.com/zoogler/horizontal/form-xeditable.html]
[mannatthemes.com/zoogler/horizontal/assets/plugins/chartist/css/chartist.min.css]
[mannatthemes.com/zoogler/horizontal/assets/plugins/chartist/js/chartist.min.js]
[mannatthemes.com/zoogler/horizontal/assets/plugins/chartist/js/chartist-plugin-tooltip.min.js]
[mannatthemes.com/zoogler/horizontal/assets/pages/chartist.init.js]
[mannatthemes.com/zoogler/horizontal/charts-chartist.html]
[mannatthemes.com/zoogler/horizontal/assets/pages/chartjs.init.js]
[mannatthemes.com/zoogler/horizontal/charts-chartjs.html]
[mannatthemes.com/zoogler/horizontal/assets/plugins/c3/c3.min.css]
[mannatthemes.com/zoogler/horizontal/assets/plugins/d3/d3.min.js]
[mannatthemes.com/zoogler/horizontal/assets/plugins/c3/c3.min.js]
[mannatthemes.com/zoogler/horizontal/assets/pages/c3-chart-init.js]
[mannatthemes.com/zoogler/horizontal/charts-c3.html]
[mannatthemes.com/zoogler/horizontal/assets/plugins/flot-chart/jquery.flot.min.js]
[mannatthemes.com/zoogler/horizontal/assets/plugins/flot-chart/jquery.flot.time.js]
[mannatthemes.com/zoogler/horizontal/assets/plugins/flot-chart/jquery.flot.tooltip.min.js]
[mannatthemes.com/zoogler/horizontal/assets/plugins/flot-chart/jquery.flot.resize.js]
[mannatthemes.com/zoogler/horizontal/assets/plugins/flot-chart/jquery.flot.pie.js]
[mannatthemes.com/zoogler/horizontal/assets/plugins/flot-chart/jquery.flot.selection.js]
[mannatthemes.com/zoogler/horizontal/assets/plugins/flot-chart/jquery.flot.stack.js]
[mannatthemes.com/zoogler/horizontal/assets/plugins/flot-chart/curvedLines.js]
[mannatthemes.com/zoogler/horizontal/assets/plugins/flot-chart/jquery.flot.crosshair.js]
[mannatthemes.com/zoogler/horizontal/assets/pages/flot.init.js]
[mannatthemes.com/zoogler/horizontal/charts-flot.html]
[mannatthemes.com/zoogler/horizontal/charts-other.html]
[mannatthemes.com/zoogler/horizontal/assets/plugins/morris/morris.css]
[mannatthemes.com/zoogler/horizontal/assets/plugins/morris/morris.min.js]
[mannatthemes.com/zoogler/horizontal/assets/plugins/raphael/raphael-min.js]
[mannatthemes.com/zoogler/horizontal/assets/pages/morris.init.js]
[mannatthemes.com/zoogler/horizontal/charts-morris.html]
[mannatthemes.com/zoogler/horizontal/assets/images/widgets/project1.jpg]
[mannatthemes.com/zoogler/horizontal/assets/images/widgets/project2.jpg]
[mannatthemes.com/zoogler/horizontal/assets/images/widgets/project3.jpg]
[mannatthemes.com/zoogler/horizontal/assets/images/widgets/project4.jpg]
[mannatthemes.com/zoogler/horizontal/tables-basic.html]
[mannatthemes.com/zoogler/horizontal/assets/plugins/datatables/dataTables.bootstrap4.min.css]
[mannatthemes.com/zoogler/horizontal/assets/plugins/datatables/buttons.bootstrap4.min.css]
[mannatthemes.com/zoogler/horizontal/assets/plugins/datatables/responsive.bootstrap4.min.css]
[mannatthemes.com/zoogler/horizontal/assets/plugins/datatables/jquery.dataTables.min.js]
[mannatthemes.com/zoogler/horizontal/assets/plugins/datatables/dataTables.bootstrap4.min.js]
[mannatthemes.com/zoogler/horizontal/assets/plugins/datatables/dataTables.buttons.min.js]
[mannatthemes.com/zoogler/horizontal/assets/plugins/datatables/buttons.bootstrap4.min.js]
[mannatthemes.com/zoogler/horizontal/assets/plugins/datatables/jszip.min.js]
[mannatthemes.com/zoogler/horizontal/assets/plugins/datatables/pdfmake.min.js]
[mannatthemes.com/zoogler/horizontal/assets/plugins/datatables/buttons.html5.min.js]
[mannatthemes.com/zoogler/horizontal/assets/plugins/datatables/vfs_fonts.js]
[mannatthemes.com/zoogler/horizontal/assets/plugins/datatables/buttons.print.min.js]
[mannatthemes.com/zoogler/horizontal/assets/plugins/datatables/buttons.colVis.min.js]
[mannatthemes.com/zoogler/horizontal/assets/plugins/datatables/dataTables.responsive.min.js]
[mannatthemes.com/zoogler/horizontal/assets/plugins/datatables/responsive.bootstrap4.min.js]
[mannatthemes.com/zoogler/horizontal/assets/pages/datatables.init.js]
[mannatthemes.com/zoogler/horizontal/tables-datatable.html]
[mannatthemes.com/zoogler/horizontal/assets/plugins/tiny-editable/mindmup-editabletable.js]
[mannatthemes.com/zoogler/horizontal/assets/plugins/tiny-editable/numeric-input-example.js]
[mannatthemes.com/zoogler/horizontal/assets/plugins/tabledit/jquery.tabledit.js]
[mannatthemes.com/zoogler/horizontal/assets/pages/table-edit.init.js]
[mannatthemes.com/zoogler/horizontal/tables-editable.html]
[mannatthemes.com/zoogler/horizontal/assets/plugins/RWD-Table-Patterns/dist/css/rwd-table.min.css]
[mannatthemes.com/zoogler/horizontal/assets/plugins/RWD-Table-Patterns/dist/js/rwd-table.min.js]
[mannatthemes.com/zoogler/horizontal/assets/pages/table-responsive.init.js]
[mannatthemes.com/zoogler/horizontal/tables-responsive.html]
[mannatthemes.com/zoogler/horizontal/icons-dripicons.html]
[mannatthemes.com/zoogler/horizontal/icons-fontawesome.html]
[mannatthemes.com/zoogler/horizontal/icons-ion.html]
[mannatthemes.com/zoogler/horizontal/icons-material.html]
[mannatthemes.com/zoogler/horizontal/icons-themify.html]
[mannatthemes.com/zoogler/horizontal/icons-typicons.html]
[mannatthemes.com/zoogler/horizontal/assets/plugins/gmaps/gmaps.min.js]
[mannatthemes.com/zoogler/horizontal/maps-google.html]
[mannatthemes.com/zoogler/horizontal/assets/pages/gmaps.js]
[mannatthemes.com/zoogler/horizontal/assets/plugins/jvectormap/jquery-jvectormap-2.0.2.css]
[mannatthemes.com/zoogler/horizontal/assets/plugins/jvectormap/jquery-jvectormap-2.0.2.min.js]
[mannatthemes.com/zoogler/horizontal/assets/plugins/jvectormap/jquery-jvectormap-world-mill-en.js]
[mannatthemes.com/zoogler/horizontal/assets/plugins/jvectormap/gdp-data.js]
[mannatthemes.com/zoogler/horizontal/assets/plugins/jvectormap/jquery-jvectormap-ca-lcc.js]
[mannatthemes.com/zoogler/horizontal/assets/plugins/jvectormap/jquery-jvectormap-us-aea-en.js]
[mannatthemes.com/zoogler/horizontal/assets/plugins/jvectormap/jquery-jvectormap-uk-mill-en.js]
[mannatthemes.com/zoogler/horizontal/assets/plugins/jvectormap/jquery-jvectormap-us-il-chicago-mill-en.js]
[mannatthemes.com/zoogler/horizontal/assets/pages/jvectormap.init.js]
[mannatthemes.com/zoogler/horizontal/maps-vector.html]
[mannatthemes.com/zoogler/horizontal/assets/images/logo.png]
[mannatthemes.com/zoogler/horizontal/pages-login.html]
[mannatthemes.com/zoogler/horizontal/pages-register.html]
[mannatthemes.com/zoogler/horizontal/pages-recoverpw.html]
[mannatthemes.com/zoogler/horizontal/pages-lock-screen.html]
[mannatthemes.com/zoogler/horizontal/pages-blank.html]
[mannatthemes.com/zoogler/horizontal/pages-404.html]
[mannatthemes.com/zoogler/horizontal/pages-500.html]
[mannatthemes.com/zoogler/horizontal/assets/images/widgets/code.svg]
[mannatthemes.com/zoogler/horizontal/assets/fonts/fa-brands-400.svg]
[mannatthemes.com/zoogler/horizontal/assets/fonts/fa-regular-400.svg]
[mannatthemes.com/zoogler/horizontal/assets/fonts/fa-solid-900.svg]
[mannatthemes.com/zoogler/horizontal/assets/fonts/materialdesignicons-webfont9391.svg]
[mannatthemes.com/zoogler/horizontal/assets/fonts/ioniconsaa26.svg]
[mannatthemes.com/zoogler/horizontal/assets/fonts/themify9f24.svg]
[mannatthemes.com/zoogler/horizontal/assets/fonts/dripicons-v2.svg]
[mannatthemes.com/zoogler/horizontal/assets/fonts/typicons.svg]
[mannatthemes.com/zoogler/horizontal/assets/plugins/fullcalendar/css/fullcalendar.min.css]
[mannatthemes.com/zoogler/horizontal/assets/plugins/alertify/css/alertify.css]
[mannatthemes.com/zoogler/horizontal/assets/plugins/magnific-popup/magnific-popup.css]
[mannatthemes.com/zoogler/horizontal/assets/plugins/animate/animate.css]
[mannatthemes.com/zoogler/horizontal/assets/plugins/bootstrap-rating/bootstrap-rating.css]
[mannatthemes.com/zoogler/horizontal/assets/plugins/ion-rangeslider/ion.rangeSlider.css]
[mannatthemes.com/zoogler/horizontal/assets/plugins/ion-rangeslider/sprite-skin-modern.png]
[mannatthemes.com/zoogler/horizontal/assets/plugins/ion-rangeslider/ion.rangeSlider.skinModern.css]
[mannatthemes.com/zoogler/horizontal/assets/plugins/powerange/powerange.css]
[mannatthemes.com/zoogler/horizontal/assets/plugins/sweet-alert2/sweetalert2.min.css]
[mannatthemes.com/zoogler/horizontal/assets/plugins/timepicker/tempusdominus-bootstrap-4.css]
[mannatthemes.com/zoogler/horizontal/assets/plugins/timepicker/bootstrap-material-datetimepicker.css]
[mannatthemes.com/zoogler/horizontal/assets/plugins/clockpicker/jquery-clockpicker.min.css]
[mannatthemes.com/zoogler/horizontal/assets/images/colorpicker/transparent.png]
[mannatthemes.com/zoogler/horizontal/assets/images/colorpicker/saturation.png]
[mannatthemes.com/zoogler/horizontal/assets/images/colorpicker/hue.png]
[mannatthemes.com/zoogler/horizontal/assets/images/colorpicker/alpha.png]
[mannatthemes.com/zoogler/horizontal/assets/plugins/colorpicker/asColorPicker.min.css]
[mannatthemes.com/zoogler/horizontal/assets/plugins/select2/select2.min.css]
[mannatthemes.com/zoogler/horizontal/assets/plugins/bootstrap-colorpicker/img/bootstrap-colorpicker/saturation.png]
[mannatthemes.com/zoogler/horizontal/assets/plugins/bootstrap-colorpicker/img/bootstrap-colorpicker/hue.png]
[mannatthemes.com/zoogler/horizontal/assets/plugins/bootstrap-colorpicker/img/bootstrap-colorpicker/alpha.png]
[mannatthemes.com/zoogler/horizontal/assets/plugins/bootstrap-colorpicker/img/bootstrap-colorpicker/hue-horizontal.png]
[mannatthemes.com/zoogler/horizontal/assets/plugins/bootstrap-colorpicker/img/bootstrap-colorpicker/alpha-horizontal.png]
[mannatthemes.com/zoogler/horizontal/assets/plugins/bootstrap-colorpicker/css/bootstrap-colorpicker.min.css]
[mannatthemes.com/zoogler/horizontal/assets/plugins/bootstrap-datepicker/css/bootstrap-datepicker.min.css]
[mannatthemes.com/zoogler/horizontal/assets/plugins/bootstrap-touchspin/css/jquery.bootstrap-touchspin.min.css]
[mannatthemes.com/zoogler/horizontal/assets/plugins/dropify/fonts/dropify.eot]
[mannatthemes.com/zoogler/horizontal/assets/plugins/dropify/fonts/dropify.woff]
[mannatthemes.com/zoogler/horizontal/assets/plugins/dropify/fonts/dropify.ttf]
[mannatthemes.com/zoogler/horizontal/assets/plugins/dropify/css/dropify.min.css]
[mannatthemes.com/zoogler/horizontal/assets/plugins/summernote/font/summernote291f.eot]
[mannatthemes.com/zoogler/horizontal/assets/plugins/summernote/font/summernoted41d.eot]
[mannatthemes.com/zoogler/horizontal/assets/plugins/summernote/font/summernote291f.woff]
[mannatthemes.com/zoogler/horizontal/assets/plugins/summernote/font/summernote291f.ttf]
[mannatthemes.com/zoogler/horizontal/assets/plugins/summernote/summernote-bs4.css]
[mannatthemes.com/zoogler/horizontal/assets/plugins/x-editable/img/loading.gif]
[mannatthemes.com/zoogler/horizontal/assets/plugins/x-editable/img/clear.png]
[mannatthemes.com/zoogler/horizontal/assets/plugins/x-editable/css/bootstrap-editable.css]
[mannatthemes.com/zoogler/horizontal/assets/plugins/chartist/css/chartist.min.css]
[mannatthemes.com/zoogler/horizontal/assets/plugins/c3/c3.min.css]
[mannatthemes.com/zoogler/horizontal/assets/plugins/morris/morris.css]
[mannatthemes.com/zoogler/horizontal/assets/plugins/datatables/dataTables.bootstrap4.min.css]
[mannatthemes.com/zoogler/horizontal/assets/plugins/datatables/buttons.bootstrap4.min.css]
[mannatthemes.com/zoogler/horizontal/assets/plugins/datatables/responsive.bootstrap4.min.css]
[mannatthemes.com/zoogler/horizontal/assets/plugins/RWD-Table-Patterns/dist/css/rwd-table.min.css]
[mannatthemes.com/zoogler/horizontal/assets/plugins/jvectormap/jquery-jvectormap-2.0.2.css]
[mannatthemes.com/zoogler/horizontal/assets/plugins/dropify/fonts/dropify.svg]
